[debug] [2023-07-15T10:48:00.656Z] ----------------------------------------------------------------------
[debug] [2023-07-15T10:48:00.659Z] Command:       C:\Program Files\nodejs\node.exe C:\Users\pc\AppData\Roaming\npm\node_modules\firebase-tools\lib\bin\firebase.js init
[debug] [2023-07-15T10:48:00.660Z] CLI Version:   12.4.4
[debug] [2023-07-15T10:48:00.660Z] Platform:      win32
[debug] [2023-07-15T10:48:00.661Z] Node Version:  v18.16.1
[debug] [2023-07-15T10:48:00.662Z] Time:          Sat Jul 15 2023 16:48:00 GMT+0600 (Bangladesh Standard Time)
[debug] [2023-07-15T10:48:00.662Z] ----------------------------------------------------------------------
[debug] 
[debug] [2023-07-15T10:48:00.779Z] > command requires scopes: ["email","openid","https://www.googleapis.com/auth/cloudplatformprojects.readonly","https://www.googleapis.com/auth/firebase","https://www.googleapis.com/auth/cloud-platform"]
[debug] [2023-07-15T10:48:00.780Z] > authorizing via signed-in user (arfat1islam5162@gmail.com)
[info] 
     ######## #### ########  ######## ########     ###     ######  ########
     ##        ##  ##     ## ##       ##     ##  ##   ##  ##       ##
     ######    ##  ########  ######   ########  #########  ######  ######
     ##        ##  ##    ##  ##       ##     ## ##     ##       ## ##
     ##       #### ##     ## ######## ########  ##     ##  ######  ########

You're about to initialize a Firebase project in this directory:

  C:\projects\redux-app

Before we get started, keep in mind:

  * You are currently outside your home directory
  * You are initializing within an existing Firebase project directory

